<?xml version="1.0" encoding="UTF-8"?>
<Site BuildName="(empty)"
	BuildStamp="20231115-1015-Experimental"
	Name="(empty)"
	Generator="ctest-3.27.7"
	CompilerName=""
	CompilerVersion=""
	OSName="Linux"
	Hostname="ramsay-arch"
	OSRelease="6.6.1-arch1-1"
	OSVersion="#1 SMP PREEMPT_DYNAMIC Wed, 08 Nov 2023 16:05:38 +0000"
	OSPlatform="x86_64"
	Is64Bits="1"
	VendorString="AuthenticAMD"
	VendorID="Advanced Micro Devices"
	FamilyID="25"
	ModelID="80"
	ProcessorCacheSize="512"
	NumberOfLogicalCPU="16"
	NumberOfPhysicalCPU="8"
	TotalVirtualMemory="0"
	TotalPhysicalMemory="13828"
	LogicalProcessorsPerPhysical="2"
	ProcessorClockFrequency="3931.6"
	>
	<Testing>
		<StartDateTime>Nov 15 18:55 CET</StartDateTime>
		<StartTestTime>1700070923</StartTestTime>
		<TestList/>
		<EndDateTime>Nov 15 18:55 CET</EndDateTime>
		<EndTestTime>1700070923</EndTestTime>
		<ElapsedMinutes>0</ElapsedMinutes>
	</Testing>
</Site>
